<?xml version="1.0" encoding="UTF-8"?>
<!-- Generated by org.testng.reporters.JUnitReportReporter -->
<testsuite skipped="0" hostname="DESKTOP-OG4TLGN" name="com.runner.Runner" tests="1" failures="0" timestamp="2021-10-11T14:53:23 IST" time="4.049" errors="0">
  <testcase name="getTest" time="4.049" classname="com.runner.Runner"/>
  <system-out/>
</testsuite> <!-- com.runner.Runner -->
